<?xml version="1.0" encoding="UTF-8"?>
<robot generator="Robot 4.1.3 (Python 3.10.2 on win32)" generated="20220212 10:42:32.453" rpa="false" schemaversion="2">
<suite id="s1" name="Verify Valid Credential Suite" source="C:\Users\yamini\PycharmProjects\ROBOT_FRAMEWORK\login_suite\verify_valid_credential_suite.robot">
<test id="s1-t1" name="Verify Valid Credentials Test">
<kw name="Launch Browser" library="common_functionality" type="SETUP">
<kw name="Open Browser" library="SeleniumLibrary">
<arg>browser=chrome</arg>
<arg>executable_path=${EXECDIR}${/}drivers${/}chromedriver</arg>
<doc>Opens a new browser instance to the optional ``url``.</doc>
<msg timestamp="20220212 10:42:33.023" level="INFO">Opening browser 'chrome' to base url 'None'.</msg>
<status status="PASS" starttime="20220212 10:42:33.023" endtime="20220212 10:42:36.847"/>
</kw>
<kw name="Maximize Browser Window" library="SeleniumLibrary">
<doc>Maximizes current browser window.</doc>
<status status="PASS" starttime="20220212 10:42:36.847" endtime="20220212 10:42:37.055"/>
</kw>
<kw name="Set Selenium Implicit Wait" library="SeleniumLibrary">
<arg>30s</arg>
<doc>Sets the implicit wait value used by Selenium.</doc>
<status status="PASS" starttime="20220212 10:42:37.055" endtime="20220212 10:42:37.083"/>
</kw>
<kw name="Go To" library="SeleniumLibrary">
<arg>url=https://demo.openemr.io/b/openemr</arg>
<doc>Navigates the current browser window to the provided ``url``.</doc>
<msg timestamp="20220212 10:42:37.086" level="INFO">Opening url 'https://demo.openemr.io/b/openemr'</msg>
<status status="PASS" starttime="20220212 10:42:37.084" endtime="20220212 10:42:44.974"/>
</kw>
<status status="PASS" starttime="20220212 10:42:33.023" endtime="20220212 10:42:44.974"/>
</kw>
<kw name="Input Text" library="SeleniumLibrary">
<arg>id=authUser</arg>
<arg>admin</arg>
<doc>Types the given ``text`` into the text field identified by ``locator``.</doc>
<msg timestamp="20220212 10:42:44.978" level="INFO">Typing text 'admin' into text field 'id=authUser'.</msg>
<status status="PASS" starttime="20220212 10:42:44.976" endtime="20220212 10:42:45.182"/>
</kw>
<kw name="Input Password" library="SeleniumLibrary">
<arg>id=clearPass</arg>
<arg>pass</arg>
<doc>Types the given password into the text field identified by ``locator``.</doc>
<msg timestamp="20220212 10:42:45.186" level="INFO">Typing password into text field 'id=clearPass'.</msg>
<msg timestamp="20220212 10:42:45.265" level="INFO">Temporally setting log level to: NONE</msg>
<msg timestamp="20220212 10:42:45.362" level="INFO">Log level changed from NONE to INFO.</msg>
<status status="PASS" starttime="20220212 10:42:45.185" endtime="20220212 10:42:45.363"/>
</kw>
<kw name="Select From List By Label" library="SeleniumLibrary">
<arg>name=languageChoice</arg>
<arg>English (Indian)</arg>
<doc>Selects options from selection list ``locator`` by ``labels``.</doc>
<msg timestamp="20220212 10:42:45.365" level="INFO">Selecting options from selection list 'name=languageChoice' by label English (Indian).</msg>
<status status="PASS" starttime="20220212 10:42:45.364" endtime="20220212 10:42:45.532"/>
</kw>
<kw name="Click Element" library="SeleniumLibrary">
<arg>xpath=//button[@type='submit']</arg>
<doc>Click the element identified by ``locator``.</doc>
<msg timestamp="20220212 10:42:45.534" level="INFO">Clicking element 'xpath=//button[@type='submit']'.</msg>
<status status="PASS" starttime="20220212 10:42:45.533" endtime="20220212 10:42:51.749"/>
</kw>
<kw name="Title Should Be" library="SeleniumLibrary">
<arg>OpenEMR</arg>
<doc>Verifies that the current page title equals ``title``.</doc>
<msg timestamp="20220212 10:42:51.759" level="INFO">Page title is 'OpenEMR'.</msg>
<status status="PASS" starttime="20220212 10:42:51.750" endtime="20220212 10:42:51.759"/>
</kw>
<kw name="End Browser" library="common_functionality" type="TEARDOWN">
<kw name="Capture Page Screenshot" library="SeleniumLibrary">
<doc>Takes a screenshot of the current page and embeds it into a log file.</doc>
<msg timestamp="20220212 10:42:52.302" level="INFO" html="true">&lt;/td&gt;&lt;/tr&gt;&lt;tr&gt;&lt;td colspan="3"&gt;&lt;a href="selenium-screenshot-18.png"&gt;&lt;img src="selenium-screenshot-18.png" width="800px"&gt;&lt;/a&gt;</msg>
<status status="PASS" starttime="20220212 10:42:51.775" endtime="20220212 10:42:52.302"/>
</kw>
<kw name="Close Browser" library="SeleniumLibrary">
<doc>Closes the current browser.</doc>
<status status="PASS" starttime="20220212 10:42:52.302" endtime="20220212 10:42:54.644"/>
</kw>
<status status="PASS" starttime="20220212 10:42:51.775" endtime="20220212 10:42:54.644"/>
</kw>
<status status="PASS" starttime="20220212 10:42:33.023" endtime="20220212 10:42:54.644"/>
</test>
<doc>This suit file handles all the test case related to the
valid credentials</doc>
<status status="PASS" starttime="20220212 10:42:32.453" endtime="20220212 10:42:54.644"/>
</suite>
<statistics>
<total>
<stat pass="1" fail="0" skip="0">All Tests</stat>
</total>
<tag>
</tag>
<suite>
<stat pass="1" fail="0" skip="0" id="s1" name="Verify Valid Credential Suite">Verify Valid Credential Suite</stat>
</suite>
</statistics>
<errors>
</errors>
</robot>
