<?xml version="1.0" encoding="UTF-8"?>
<robot generator="Robot 4.1.3 (Python 3.10.2 on win32)" generated="20220212 10:15:42.046" rpa="false" schemaversion="2">
<suite id="s1" name="Verify Invalid Credential Suite" source="C:\Users\yamini\PycharmProjects\ROBOT_FRAMEWORK\login_suite\verify_invalid_credential_suite.robot">
<test id="s1-t1" name="TC1">
<kw name="Launch Browser" library="common_functionality" type="SETUP">
<kw name="Open Browser" library="SeleniumLibrary">
<arg>browser=chrome</arg>
<arg>executable_path=${EXECDIR}${/}drivers${/}chromedriver</arg>
<doc>Opens a new browser instance to the optional ``url``.</doc>
<msg timestamp="20220212 10:15:42.687" level="INFO">Opening browser 'chrome' to base url 'None'.</msg>
<status status="PASS" starttime="20220212 10:15:42.687" endtime="20220212 10:15:45.990"/>
</kw>
<kw name="Maximize Browser Window" library="SeleniumLibrary">
<doc>Maximizes current browser window.</doc>
<status status="PASS" starttime="20220212 10:15:45.990" endtime="20220212 10:15:46.137"/>
</kw>
<kw name="Set Selenium Implicit Wait" library="SeleniumLibrary">
<arg>30s</arg>
<doc>Sets the implicit wait value used by Selenium.</doc>
<status status="PASS" starttime="20220212 10:15:46.137" endtime="20220212 10:15:46.137"/>
</kw>
<kw name="Go To" library="SeleniumLibrary">
<arg>url=https://demo.openemr.io/b/openemr</arg>
<doc>Navigates the current browser window to the provided ``url``.</doc>
<msg timestamp="20220212 10:15:46.145" level="INFO">Opening url 'https://demo.openemr.io/b/openemr'</msg>
<status status="PASS" starttime="20220212 10:15:46.137" endtime="20220212 10:16:00.641"/>
</kw>
<status status="PASS" starttime="20220212 10:15:42.687" endtime="20220212 10:16:00.641"/>
</kw>
<kw name="Verify Valid Credentials Template">
<arg>admin</arg>
<arg>pass</arg>
<arg>English (Indian)</arg>
<arg>OpenEMR</arg>
<kw name="Input Text" library="SeleniumLibrary">
<arg>id=authUser</arg>
<arg>${username}</arg>
<doc>Types the given ``text`` into the text field identified by ``locator``.</doc>
<msg timestamp="20220212 10:16:00.649" level="INFO">Typing text 'admin' into text field 'id=authUser'.</msg>
<status status="PASS" starttime="20220212 10:16:00.649" endtime="20220212 10:16:00.852"/>
</kw>
<kw name="Input Password" library="SeleniumLibrary">
<arg>id=clearPass</arg>
<arg>${password}</arg>
<doc>Types the given password into the text field identified by ``locator``.</doc>
<msg timestamp="20220212 10:16:00.852" level="INFO">Typing password into text field 'id=clearPass'.</msg>
<msg timestamp="20220212 10:16:00.977" level="INFO">Temporally setting log level to: NONE</msg>
<msg timestamp="20220212 10:16:01.090" level="INFO">Log level changed from NONE to INFO.</msg>
<status status="PASS" starttime="20220212 10:16:00.852" endtime="20220212 10:16:01.106"/>
</kw>
<kw name="Select From List By Label" library="SeleniumLibrary">
<arg>name=languageChoice</arg>
<arg>${language}</arg>
<doc>Selects options from selection list ``locator`` by ``labels``.</doc>
<msg timestamp="20220212 10:16:01.106" level="INFO">Selecting options from selection list 'name=languageChoice' by label English (Indian).</msg>
<status status="PASS" starttime="20220212 10:16:01.106" endtime="20220212 10:16:01.375"/>
</kw>
<kw name="Click Element" library="SeleniumLibrary">
<arg>xpath=//button[@type='submit']</arg>
<doc>Click the element identified by ``locator``.</doc>
<msg timestamp="20220212 10:16:01.375" level="INFO">Clicking element 'xpath=//button[@type='submit']'.</msg>
<status status="PASS" starttime="20220212 10:16:01.375" endtime="20220212 10:16:13.734"/>
</kw>
<kw name="Title Should Be" library="SeleniumLibrary">
<arg>xpath=//div[contains(text(),'Invalid')]</arg>
<arg>${expected_title}</arg>
<doc>Verifies that the current page title equals ``title``.</doc>
<msg timestamp="20220212 10:16:14.378" level="INFO" html="true">&lt;/td&gt;&lt;/tr&gt;&lt;tr&gt;&lt;td colspan="3"&gt;&lt;a href="selenium-screenshot-3.png"&gt;&lt;img src="selenium-screenshot-3.png" width="800px"&gt;&lt;/a&gt;</msg>
<msg timestamp="20220212 10:16:14.472" level="FAIL">OpenEMR</msg>
<status status="FAIL" starttime="20220212 10:16:13.734" endtime="20220212 10:16:14.472"/>
</kw>
<status status="FAIL" starttime="20220212 10:16:00.649" endtime="20220212 10:16:14.472"/>
</kw>
<kw name="End Browser" library="common_functionality" type="TEARDOWN">
<kw name="Capture Page Screenshot" library="SeleniumLibrary">
<doc>Takes a screenshot of the current page and embeds it into a log file.</doc>
<msg timestamp="20220212 10:16:14.738" level="INFO" html="true">&lt;/td&gt;&lt;/tr&gt;&lt;tr&gt;&lt;td colspan="3"&gt;&lt;a href="selenium-screenshot-4.png"&gt;&lt;img src="selenium-screenshot-4.png" width="800px"&gt;&lt;/a&gt;</msg>
<status status="PASS" starttime="20220212 10:16:14.472" endtime="20220212 10:16:14.738"/>
</kw>
<kw name="Close Browser" library="SeleniumLibrary">
<doc>Closes the current browser.</doc>
<status status="PASS" starttime="20220212 10:16:14.738" endtime="20220212 10:16:19.984"/>
</kw>
<status status="PASS" starttime="20220212 10:16:14.472" endtime="20220212 10:16:19.984"/>
</kw>
<status status="FAIL" starttime="20220212 10:15:42.687" endtime="20220212 10:16:19.984">OpenEMR</status>
</test>
<test id="s1-t2" name="TC2">
<kw name="Launch Browser" library="common_functionality" type="SETUP">
<kw name="Open Browser" library="SeleniumLibrary">
<arg>browser=chrome</arg>
<arg>executable_path=${EXECDIR}${/}drivers${/}chromedriver</arg>
<doc>Opens a new browser instance to the optional ``url``.</doc>
<msg timestamp="20220212 10:16:19.984" level="INFO">Opening browser 'chrome' to base url 'None'.</msg>
<status status="PASS" starttime="20220212 10:16:19.984" endtime="20220212 10:16:31.462"/>
</kw>
<kw name="Maximize Browser Window" library="SeleniumLibrary">
<doc>Maximizes current browser window.</doc>
<status status="PASS" starttime="20220212 10:16:31.462" endtime="20220212 10:16:31.600"/>
</kw>
<kw name="Set Selenium Implicit Wait" library="SeleniumLibrary">
<arg>30s</arg>
<doc>Sets the implicit wait value used by Selenium.</doc>
<status status="PASS" starttime="20220212 10:16:31.600" endtime="20220212 10:16:31.600"/>
</kw>
<kw name="Go To" library="SeleniumLibrary">
<arg>url=https://demo.openemr.io/b/openemr</arg>
<doc>Navigates the current browser window to the provided ``url``.</doc>
<msg timestamp="20220212 10:16:31.600" level="INFO">Opening url 'https://demo.openemr.io/b/openemr'</msg>
<status status="PASS" starttime="20220212 10:16:31.600" endtime="20220212 10:16:44.542"/>
</kw>
<status status="PASS" starttime="20220212 10:16:19.984" endtime="20220212 10:16:44.542"/>
</kw>
<kw name="Verify Valid Credentials Template">
<arg>physician</arg>
<arg>physician</arg>
<arg>English (Indian)</arg>
<arg>OpenEMR</arg>
<kw name="Input Text" library="SeleniumLibrary">
<arg>id=authUser</arg>
<arg>${username}</arg>
<doc>Types the given ``text`` into the text field identified by ``locator``.</doc>
<msg timestamp="20220212 10:16:44.550" level="INFO">Typing text 'physician' into text field 'id=authUser'.</msg>
<status status="PASS" starttime="20220212 10:16:44.550" endtime="20220212 10:16:44.783"/>
</kw>
<kw name="Input Password" library="SeleniumLibrary">
<arg>id=clearPass</arg>
<arg>${password}</arg>
<doc>Types the given password into the text field identified by ``locator``.</doc>
<msg timestamp="20220212 10:16:44.783" level="INFO">Typing password into text field 'id=clearPass'.</msg>
<msg timestamp="20220212 10:16:44.883" level="INFO">Temporally setting log level to: NONE</msg>
<msg timestamp="20220212 10:16:45.039" level="INFO">Log level changed from NONE to INFO.</msg>
<status status="PASS" starttime="20220212 10:16:44.783" endtime="20220212 10:16:45.039"/>
</kw>
<kw name="Select From List By Label" library="SeleniumLibrary">
<arg>name=languageChoice</arg>
<arg>${language}</arg>
<doc>Selects options from selection list ``locator`` by ``labels``.</doc>
<msg timestamp="20220212 10:16:45.039" level="INFO">Selecting options from selection list 'name=languageChoice' by label English (Indian).</msg>
<status status="PASS" starttime="20220212 10:16:45.039" endtime="20220212 10:16:45.226"/>
</kw>
<kw name="Click Element" library="SeleniumLibrary">
<arg>xpath=//button[@type='submit']</arg>
<doc>Click the element identified by ``locator``.</doc>
<msg timestamp="20220212 10:16:45.226" level="INFO">Clicking element 'xpath=//button[@type='submit']'.</msg>
<status status="PASS" starttime="20220212 10:16:45.226" endtime="20220212 10:17:03.878"/>
</kw>
<kw name="Title Should Be" library="SeleniumLibrary">
<arg>xpath=//div[contains(text(),'Invalid')]</arg>
<arg>${expected_title}</arg>
<doc>Verifies that the current page title equals ``title``.</doc>
<msg timestamp="20220212 10:17:04.436" level="INFO" html="true">&lt;/td&gt;&lt;/tr&gt;&lt;tr&gt;&lt;td colspan="3"&gt;&lt;a href="selenium-screenshot-5.png"&gt;&lt;img src="selenium-screenshot-5.png" width="800px"&gt;&lt;/a&gt;</msg>
<msg timestamp="20220212 10:17:04.436" level="FAIL">OpenEMR</msg>
<status status="FAIL" starttime="20220212 10:17:03.878" endtime="20220212 10:17:04.436"/>
</kw>
<status status="FAIL" starttime="20220212 10:16:44.550" endtime="20220212 10:17:04.444"/>
</kw>
<kw name="End Browser" library="common_functionality" type="TEARDOWN">
<kw name="Capture Page Screenshot" library="SeleniumLibrary">
<doc>Takes a screenshot of the current page and embeds it into a log file.</doc>
<msg timestamp="20220212 10:17:04.650" level="INFO" html="true">&lt;/td&gt;&lt;/tr&gt;&lt;tr&gt;&lt;td colspan="3"&gt;&lt;a href="selenium-screenshot-6.png"&gt;&lt;img src="selenium-screenshot-6.png" width="800px"&gt;&lt;/a&gt;</msg>
<status status="PASS" starttime="20220212 10:17:04.444" endtime="20220212 10:17:04.650"/>
</kw>
<kw name="Close Browser" library="SeleniumLibrary">
<doc>Closes the current browser.</doc>
<status status="PASS" starttime="20220212 10:17:04.650" endtime="20220212 10:17:09.240"/>
</kw>
<status status="PASS" starttime="20220212 10:17:04.444" endtime="20220212 10:17:09.240"/>
</kw>
<status status="FAIL" starttime="20220212 10:16:19.984" endtime="20220212 10:17:09.240">OpenEMR</status>
</test>
<doc>This suit file handles all the test case related to the
valid credentials</doc>
<status status="FAIL" starttime="20220212 10:15:42.062" endtime="20220212 10:17:09.256"/>
</suite>
<statistics>
<total>
<stat pass="0" fail="2" skip="0">All Tests</stat>
</total>
<tag>
</tag>
<suite>
<stat pass="0" fail="2" skip="0" id="s1" name="Verify Invalid Credential Suite">Verify Invalid Credential Suite</stat>
</suite>
</statistics>
<errors>
</errors>
</robot>
